[debug] [2021-03-17T15:26:35.219Z] ----------------------------------------------------------------------
[debug] [2021-03-17T15:26:35.222Z] Command:       C:\Program Files\nodejs\node.exe C:\Users\TomeAbreu\AppData\Roaming\npm\node_modules\firebase-tools\lib\bin\firebase.js emulators:start --only functions
[debug] [2021-03-17T15:26:35.222Z] CLI Version:   9.6.0
[debug] [2021-03-17T15:26:35.223Z] Platform:      win32
[debug] [2021-03-17T15:26:35.223Z] Node Version:  v14.15.1
[debug] [2021-03-17T15:26:35.224Z] Time:          Wed Mar 17 2021 15:26:35 GMT+0000 (Hora padrão da Europa Ocidental)
[debug] [2021-03-17T15:26:35.224Z] ----------------------------------------------------------------------
[debug] [2021-03-17T15:26:35.224Z] 
[debug] [2021-03-17T15:26:35.233Z] > command requires scopes: ["email","openid","https://www.googleapis.com/auth/cloudplatformprojects.readonly","https://www.googleapis.com/auth/firebase","https://www.googleapis.com/auth/cloud-platform"]
[debug] [2021-03-17T15:26:35.234Z] > authorizing via signed-in user
[info] i  emulators: Starting emulators: functions {"metadata":{"emulator":{"name":"hub"},"message":"Starting emulators: functions"}}
[debug] [2021-03-17T15:26:35.268Z] [hub] writing locator at C:\Users\TOMEAB~1\AppData\Local\Temp\hub-clone-fa0a1.json
[warn] !  functions: The following emulators are not running, calls to these services from the Functions emulator will affect production: auth, firestore, database, hosting, pubsub {"metadata":{"emulator":{"name":"functions"},"message":"The following emulators are not running, calls to these services from the Functions emulator will affect production: \u001b[1mauth, firestore, database, hosting, pubsub\u001b[22m"}}
[warn] !  Your requested "node" version "12" doesn't match your global version "14" {"metadata":{"emulator":{"name":"functions"},"message":"Your requested \"node\" version \"12\" doesn't match your global version \"14\""}}
[debug] [2021-03-17T15:26:35.330Z] defaultcredentials: writing to file C:\Users\TomeAbreu\AppData\Roaming\firebase\tomeabreu05_gmail_com_application_default_credentials.json
[debug] [2021-03-17T15:26:35.338Z] Setting GAC to C:\Users\TomeAbreu\AppData\Roaming\firebase\tomeabreu05_gmail_com_application_default_credentials.json {"metadata":{"emulator":{"name":"functions"},"message":"Setting GAC to C:\\Users\\TomeAbreu\\AppData\\Roaming\\firebase\\tomeabreu05_gmail_com_application_default_credentials.json"}}
[debug] [2021-03-17T15:26:35.346Z] > refreshing access token with scopes: []
[debug] [2021-03-17T15:26:35.348Z] >>> HTTP REQUEST POST https://www.googleapis.com/oauth2/v3/token  
 <request body omitted>
[debug] [2021-03-17T15:26:35.484Z] <<< HTTP RESPONSE 200 {"pragma":"no-cache","date":"Wed, 17 Mar 2021 15:26:34 GMT","cache-control":"no-cache, no-store, max-age=0, must-revalidate","expires":"Mon, 01 Jan 1990 00:00:00 GMT","content-type":"application/json; charset=utf-8","vary":"X-Origin, Referer, Origin,Accept-Encoding","server":"scaffolding on HTTPServer2","x-xss-protection":"0","x-frame-options":"SAMEORIGIN","x-content-type-options":"nosniff","alt-svc":"h3-29=\":443\"; ma=2592000,h3-T051=\":443\"; ma=2592000,h3-Q050=\":443\"; ma=2592000,h3-Q046=\":443\"; ma=2592000,h3-Q043=\":443\"; ma=2592000,quic=\":443\"; ma=2592000; v=\"46,43\"","accept-ranges":"none","transfer-encoding":"chunked"}
[debug] [2021-03-17T15:26:35.488Z] >>> [apiv2][query] GET https://firebase.googleapis.com/v1beta1/projects/clone-fa0a1/adminSdkConfig [none]
[debug] [2021-03-17T15:26:35.850Z] <<< [apiv2][status] GET https://firebase.googleapis.com/v1beta1/projects/clone-fa0a1/adminSdkConfig 200
[debug] [2021-03-17T15:26:35.850Z] <<< [apiv2][body] GET https://firebase.googleapis.com/v1beta1/projects/clone-fa0a1/adminSdkConfig {"projectId":"clone-fa0a1","storageBucket":"clone-fa0a1.appspot.com"}
[info] i  ui: downloading ui-v1.4.2.zip... {"metadata":{"emulator":{"name":"ui"},"message":"downloading ui-v1.4.2.zip..."}}
[debug] [2021-03-17T15:26:35.866Z] >>> [apiv2][query] GET https://storage.googleapis.com/firebase-preview-drop/emulator/ui-v1.4.2.zip [none]
[debug] [2021-03-17T15:26:36.082Z] <<< [apiv2][status] GET https://storage.googleapis.com/firebase-preview-drop/emulator/ui-v1.4.2.zip 200
[debug] [2021-03-17T15:26:36.082Z] <<< [apiv2][body] GET https://storage.googleapis.com/firebase-preview-drop/emulator/ui-v1.4.2.zip [stream]
[debug] [2021-03-17T15:26:36.386Z] Ignoring unsupported arg: auto_download {"metadata":{"emulator":{"name":"ui"},"message":"Ignoring unsupported arg: auto_download"}}
[debug] [2021-03-17T15:26:36.386Z] Ignoring unsupported arg: port {"metadata":{"emulator":{"name":"ui"},"message":"Ignoring unsupported arg: port"}}
[debug] [2021-03-17T15:26:36.386Z] Starting Emulator UI with command {"binary":"node","args":["C:\\Users\\TomeAbreu\\.cache\\firebase\\emulators\\ui-v1.4.2\\server.bundle.js"],"optionalArgs":[],"joinArgs":false} {"metadata":{"emulator":{"name":"ui"},"message":"Starting Emulator UI with command {\"binary\":\"node\",\"args\":[\"C:\\\\Users\\\\TomeAbreu\\\\.cache\\\\firebase\\\\emulators\\\\ui-v1.4.2\\\\server.bundle.js\"],\"optionalArgs\":[],\"joinArgs\":false}"}}
[info] i  ui: Emulator UI logging to ui-debug.log {"metadata":{"emulator":{"name":"ui"},"message":"Emulator UI logging to \u001b[1mui-debug.log\u001b[22m"}}
[debug] [2021-03-17T15:26:36.507Z] Web / API server started at http://localhost:4000
 {"metadata":{"emulator":{"name":"ui"},"message":"Web / API server started at http://localhost:4000\n"}}
[info] i  functions: Watching "C:\Tutorials\amazon-clone\functions" for Cloud Functions... {"metadata":{"emulator":{"name":"functions"},"message":"Watching \"C:\\Tutorials\\amazon-clone\\functions\" for Cloud Functions..."}}
[debug] [2021-03-17T15:26:36.676Z] [worker-pool] addWorker(~diagnostic~) {"metadata":{"emulator":{"name":"functions"},"message":"[worker-pool] addWorker(~diagnostic~)"}}
[debug] [2021-03-17T15:26:36.676Z] [worker-pool] Adding worker with key ~diagnostic~, total=1 {"metadata":{"emulator":{"name":"functions"},"message":"[worker-pool] Adding worker with key ~diagnostic~, total=1"}}
[debug] [2021-03-17T15:26:36.676Z] [worker-pool] submitWork(triggerId=) {"metadata":{"emulator":{"name":"functions"},"message":"[worker-pool] submitWork(triggerId=)"}}
[debug] [2021-03-17T15:26:36.676Z] [worker-~diagnostic~-41ba53ed-b4f9-47c9-9265-ec206d53b35a]: Assigning socketPath: \\?\pipe\C:\Tutorials\amazon-clone\functions\13280 {"metadata":{"emulator":{"name":"functions"},"message":"[worker-~diagnostic~-41ba53ed-b4f9-47c9-9265-ec206d53b35a]: Assigning socketPath: \\\\?\\pipe\\C:\\Tutorials\\amazon-clone\\functions\\13280"}}
[debug] [2021-03-17T15:26:36.677Z] [worker-~diagnostic~-41ba53ed-b4f9-47c9-9265-ec206d53b35a]: BUSY {"metadata":{"emulator":{"name":"functions"},"message":"[worker-~diagnostic~-41ba53ed-b4f9-47c9-9265-ec206d53b35a]: BUSY"}}
[debug] [2021-03-17T15:26:36.876Z] [runtime-status] [13280] Functions runtime initialized. {"cwd":"C:\\Tutorials\\amazon-clone\\functions","node_version":"14.15.1"} {"metadata":{"emulator":{"name":"functions"},"message":"[runtime-status] [13280] Functions runtime initialized. {\"cwd\":\"C:\\\\Tutorials\\\\amazon-clone\\\\functions\",\"node_version\":\"14.15.1\"}"}}
[debug] [2021-03-17T15:26:36.876Z] [runtime-status] [13280] Disabled runtime features: undefined {"metadata":{"emulator":{"name":"functions"},"message":"[runtime-status] [13280] Disabled runtime features: undefined"}}
[debug] [2021-03-17T15:26:36.879Z] [runtime-status] [13280] Resolved module firebase-admin {"declared":true,"installed":true,"version":"9.5.0","resolution":"C:\\Tutorials\\amazon-clone\\functions\\node_modules\\firebase-admin\\lib\\index.js"} {"metadata":{"emulator":{"name":"functions"},"message":"[runtime-status] [13280] Resolved module firebase-admin {\"declared\":true,\"installed\":true,\"version\":\"9.5.0\",\"resolution\":\"C:\\\\Tutorials\\\\amazon-clone\\\\functions\\\\node_modules\\\\firebase-admin\\\\lib\\\\index.js\"}"}}
[debug] [2021-03-17T15:26:36.880Z] [runtime-status] [13280] Resolved module firebase-functions {"declared":true,"installed":true,"version":"3.13.2","resolution":"C:\\Tutorials\\amazon-clone\\functions\\node_modules\\firebase-functions\\lib\\index.js"} {"metadata":{"emulator":{"name":"functions"},"message":"[runtime-status] [13280] Resolved module firebase-functions {\"declared\":true,\"installed\":true,\"version\":\"3.13.2\",\"resolution\":\"C:\\\\Tutorials\\\\amazon-clone\\\\functions\\\\node_modules\\\\firebase-functions\\\\lib\\\\index.js\"}"}}
[debug] [2021-03-17T15:26:36.882Z] [runtime-status] [13280] Resolved module firebase-functions {"declared":true,"installed":true,"version":"3.13.2","resolution":"C:\\Tutorials\\amazon-clone\\functions\\node_modules\\firebase-functions\\lib\\index.js"} {"metadata":{"emulator":{"name":"functions"},"message":"[runtime-status] [13280] Resolved module firebase-functions {\"declared\":true,\"installed\":true,\"version\":\"3.13.2\",\"resolution\":\"C:\\\\Tutorials\\\\amazon-clone\\\\functions\\\\node_modules\\\\firebase-functions\\\\lib\\\\index.js\"}"}}
[debug] [2021-03-17T15:26:36.883Z] [runtime-status] [13280] Outgoing network have been stubbed. [{"name":"http","status":"mocked"},{"name":"http","status":"mocked"},{"name":"https","status":"mocked"},{"name":"https","status":"mocked"},{"name":"net","status":"mocked"}] {"metadata":{"emulator":{"name":"functions"},"message":"[runtime-status] [13280] Outgoing network have been stubbed. [{\"name\":\"http\",\"status\":\"mocked\"},{\"name\":\"http\",\"status\":\"mocked\"},{\"name\":\"https\",\"status\":\"mocked\"},{\"name\":\"https\",\"status\":\"mocked\"},{\"name\":\"net\",\"status\":\"mocked\"}]"}}
[debug] [2021-03-17T15:26:36.884Z] [runtime-status] [13280] Resolved module firebase-functions {"declared":true,"installed":true,"version":"3.13.2","resolution":"C:\\Tutorials\\amazon-clone\\functions\\node_modules\\firebase-functions\\lib\\index.js"} {"metadata":{"emulator":{"name":"functions"},"message":"[runtime-status] [13280] Resolved module firebase-functions {\"declared\":true,\"installed\":true,\"version\":\"3.13.2\",\"resolution\":\"C:\\\\Tutorials\\\\amazon-clone\\\\functions\\\\node_modules\\\\firebase-functions\\\\lib\\\\index.js\"}"}}
[debug] [2021-03-17T15:26:36.928Z] [runtime-status] [13280] Checked functions.config() {"config":{}} {"metadata":{"emulator":{"name":"functions"},"message":"[runtime-status] [13280] Checked functions.config() {\"config\":{}}"}}
[debug] [2021-03-17T15:26:36.928Z] [runtime-status] [13280] firebase-functions has been stubbed. {"functionsResolution":{"declared":true,"installed":true,"version":"3.13.2","resolution":"C:\\Tutorials\\amazon-clone\\functions\\node_modules\\firebase-functions\\lib\\index.js"}} {"metadata":{"emulator":{"name":"functions"},"message":"[runtime-status] [13280] firebase-functions has been stubbed. {\"functionsResolution\":{\"declared\":true,\"installed\":true,\"version\":\"3.13.2\",\"resolution\":\"C:\\\\Tutorials\\\\amazon-clone\\\\functions\\\\node_modules\\\\firebase-functions\\\\lib\\\\index.js\"}}"}}
[debug] [2021-03-17T15:26:36.928Z] [runtime-status] [13280] Resolved module firebase-functions {"declared":true,"installed":true,"version":"3.13.2","resolution":"C:\\Tutorials\\amazon-clone\\functions\\node_modules\\firebase-functions\\lib\\index.js"} {"metadata":{"emulator":{"name":"functions"},"message":"[runtime-status] [13280] Resolved module firebase-functions {\"declared\":true,\"installed\":true,\"version\":\"3.13.2\",\"resolution\":\"C:\\\\Tutorials\\\\amazon-clone\\\\functions\\\\node_modules\\\\firebase-functions\\\\lib\\\\index.js\"}"}}
[debug] [2021-03-17T15:26:36.929Z] [runtime-status] [13280] Resolved module firebase-admin {"declared":true,"installed":true,"version":"9.5.0","resolution":"C:\\Tutorials\\amazon-clone\\functions\\node_modules\\firebase-admin\\lib\\index.js"} {"metadata":{"emulator":{"name":"functions"},"message":"[runtime-status] [13280] Resolved module firebase-admin {\"declared\":true,\"installed\":true,\"version\":\"9.5.0\",\"resolution\":\"C:\\\\Tutorials\\\\amazon-clone\\\\functions\\\\node_modules\\\\firebase-admin\\\\lib\\\\index.js\"}"}}
[debug] [2021-03-17T15:26:36.929Z] [runtime-status] [13280] Resolved module firebase-functions {"declared":true,"installed":true,"version":"3.13.2","resolution":"C:\\Tutorials\\amazon-clone\\functions\\node_modules\\firebase-functions\\lib\\index.js"} {"metadata":{"emulator":{"name":"functions"},"message":"[runtime-status] [13280] Resolved module firebase-functions {\"declared\":true,\"installed\":true,\"version\":\"3.13.2\",\"resolution\":\"C:\\\\Tutorials\\\\amazon-clone\\\\functions\\\\node_modules\\\\firebase-functions\\\\lib\\\\index.js\"}"}}
[debug] [2021-03-17T15:26:36.930Z] [runtime-status] [13280] firebase-admin has been stubbed. {"adminResolution":{"declared":true,"installed":true,"version":"9.5.0","resolution":"C:\\Tutorials\\amazon-clone\\functions\\node_modules\\firebase-admin\\lib\\index.js"}} {"metadata":{"emulator":{"name":"functions"},"message":"[runtime-status] [13280] firebase-admin has been stubbed. {\"adminResolution\":{\"declared\":true,\"installed\":true,\"version\":\"9.5.0\",\"resolution\":\"C:\\\\Tutorials\\\\amazon-clone\\\\functions\\\\node_modules\\\\firebase-admin\\\\lib\\\\index.js\"}}"}}
[info] +  functions[api]: http function initialized (http://localhost:5001/clone-fa0a1/us-central1/api). {"metadata":{"emulator":{"name":"functions"},"message":"\u001b[1mhttp\u001b[22m function initialized (http://localhost:5001/clone-fa0a1/us-central1/api)."}}
[info] 
┌─────────────────────────────────────────────────────────────┐
│ ✔  All emulators ready! It is now safe to connect your app. │
│ i  View Emulator UI at http://localhost:4000                │
└─────────────────────────────────────────────────────────────┘

┌───────────┬────────────────┬─────────────────────────────────┐
│ Emulator  │ Host:Port      │ View in Emulator UI             │
├───────────┼────────────────┼─────────────────────────────────┤
│ Functions │ localhost:5001 │ http://localhost:4000/functions │
└───────────┴────────────────┴─────────────────────────────────┘
  Emulator Hub running at localhost:4400
  Other reserved ports: 4500

Issues? Report them at https://github.com/firebase/firebase-tools/issues and attach the *-debug.log files.
 
[debug] [2021-03-17T15:26:37.096Z] [worker-~diagnostic~-41ba53ed-b4f9-47c9-9265-ec206d53b35a]: IDLE {"metadata":{"emulator":{"name":"functions"},"message":"[worker-~diagnostic~-41ba53ed-b4f9-47c9-9265-ec206d53b35a]: IDLE"}}
[debug] [2021-03-17T15:27:55.082Z] [work-queue] {"queueLength":1,"workRunningCount":0}
[debug] [2021-03-17T15:27:55.082Z] [work-queue] {"queueLength":0,"workRunningCount":1}
[debug] [2021-03-17T15:27:55.082Z] Accepted request GET /clone-fa0a1/us-central1/api --> api
[debug] [2021-03-17T15:27:55.090Z] [worker-pool] addWorker(api) {"metadata":{"emulator":{"name":"functions"},"message":"[worker-pool] addWorker(api)"}}
[debug] [2021-03-17T15:27:55.091Z] [worker-pool] Adding worker with key api, total=1 {"metadata":{"emulator":{"name":"functions"},"message":"[worker-pool] Adding worker with key api, total=1"}}
[debug] [2021-03-17T15:27:55.091Z] [worker-pool] submitWork(triggerId=api) {"metadata":{"emulator":{"name":"functions"},"message":"[worker-pool] submitWork(triggerId=api)"}}
[debug] [2021-03-17T15:27:55.091Z] [worker-api-bcf3289e-cc4b-4dfb-8312-9fb7f5746083]: Assigning socketPath: \\?\pipe\C:\Tutorials\amazon-clone\functions\13604 {"metadata":{"emulator":{"name":"functions"},"message":"[worker-api-bcf3289e-cc4b-4dfb-8312-9fb7f5746083]: Assigning socketPath: \\\\?\\pipe\\C:\\Tutorials\\amazon-clone\\functions\\13604"}}
[debug] [2021-03-17T15:27:55.091Z] [worker-api-bcf3289e-cc4b-4dfb-8312-9fb7f5746083]: BUSY {"metadata":{"emulator":{"name":"functions"},"message":"[worker-api-bcf3289e-cc4b-4dfb-8312-9fb7f5746083]: BUSY"}}
[debug] [2021-03-17T15:27:55.283Z] [runtime-status] [13604] Functions runtime initialized. {"cwd":"C:\\Tutorials\\amazon-clone\\functions","node_version":"14.15.1"} {"metadata":{"emulator":{"name":"functions"},"function":{"name":"api"},"message":"[runtime-status] [13604] Functions runtime initialized. {\"cwd\":\"C:\\\\Tutorials\\\\amazon-clone\\\\functions\",\"node_version\":\"14.15.1\"}"}}
[debug] [2021-03-17T15:27:55.285Z] [runtime-status] [13604] Disabled runtime features: undefined {"metadata":{"emulator":{"name":"functions"},"function":{"name":"api"},"message":"[runtime-status] [13604] Disabled runtime features: undefined"}}
[debug] [2021-03-17T15:27:55.288Z] [runtime-status] [13604] Resolved module firebase-admin {"declared":true,"installed":true,"version":"9.5.0","resolution":"C:\\Tutorials\\amazon-clone\\functions\\node_modules\\firebase-admin\\lib\\index.js"} {"metadata":{"emulator":{"name":"functions"},"function":{"name":"api"},"message":"[runtime-status] [13604] Resolved module firebase-admin {\"declared\":true,\"installed\":true,\"version\":\"9.5.0\",\"resolution\":\"C:\\\\Tutorials\\\\amazon-clone\\\\functions\\\\node_modules\\\\firebase-admin\\\\lib\\\\index.js\"}"}}
[debug] [2021-03-17T15:27:55.289Z] [runtime-status] [13604] Resolved module firebase-functions {"declared":true,"installed":true,"version":"3.13.2","resolution":"C:\\Tutorials\\amazon-clone\\functions\\node_modules\\firebase-functions\\lib\\index.js"} {"metadata":{"emulator":{"name":"functions"},"function":{"name":"api"},"message":"[runtime-status] [13604] Resolved module firebase-functions {\"declared\":true,\"installed\":true,\"version\":\"3.13.2\",\"resolution\":\"C:\\\\Tutorials\\\\amazon-clone\\\\functions\\\\node_modules\\\\firebase-functions\\\\lib\\\\index.js\"}"}}
[debug] [2021-03-17T15:27:55.291Z] [runtime-status] [13604] Resolved module firebase-functions {"declared":true,"installed":true,"version":"3.13.2","resolution":"C:\\Tutorials\\amazon-clone\\functions\\node_modules\\firebase-functions\\lib\\index.js"} {"metadata":{"emulator":{"name":"functions"},"function":{"name":"api"},"message":"[runtime-status] [13604] Resolved module firebase-functions {\"declared\":true,\"installed\":true,\"version\":\"3.13.2\",\"resolution\":\"C:\\\\Tutorials\\\\amazon-clone\\\\functions\\\\node_modules\\\\firebase-functions\\\\lib\\\\index.js\"}"}}
[debug] [2021-03-17T15:27:55.292Z] [runtime-status] [13604] Outgoing network have been stubbed. [{"name":"http","status":"mocked"},{"name":"http","status":"mocked"},{"name":"https","status":"mocked"},{"name":"https","status":"mocked"},{"name":"net","status":"mocked"}] {"metadata":{"emulator":{"name":"functions"},"function":{"name":"api"},"message":"[runtime-status] [13604] Outgoing network have been stubbed. [{\"name\":\"http\",\"status\":\"mocked\"},{\"name\":\"http\",\"status\":\"mocked\"},{\"name\":\"https\",\"status\":\"mocked\"},{\"name\":\"https\",\"status\":\"mocked\"},{\"name\":\"net\",\"status\":\"mocked\"}]"}}
[debug] [2021-03-17T15:27:55.293Z] [runtime-status] [13604] Resolved module firebase-functions {"declared":true,"installed":true,"version":"3.13.2","resolution":"C:\\Tutorials\\amazon-clone\\functions\\node_modules\\firebase-functions\\lib\\index.js"} {"metadata":{"emulator":{"name":"functions"},"function":{"name":"api"},"message":"[runtime-status] [13604] Resolved module firebase-functions {\"declared\":true,\"installed\":true,\"version\":\"3.13.2\",\"resolution\":\"C:\\\\Tutorials\\\\amazon-clone\\\\functions\\\\node_modules\\\\firebase-functions\\\\lib\\\\index.js\"}"}}
[debug] [2021-03-17T15:27:55.336Z] [runtime-status] [13604] Checked functions.config() {"config":{}} {"metadata":{"emulator":{"name":"functions"},"function":{"name":"api"},"message":"[runtime-status] [13604] Checked functions.config() {\"config\":{}}"}}
[debug] [2021-03-17T15:27:55.337Z] [runtime-status] [13604] firebase-functions has been stubbed. {"functionsResolution":{"declared":true,"installed":true,"version":"3.13.2","resolution":"C:\\Tutorials\\amazon-clone\\functions\\node_modules\\firebase-functions\\lib\\index.js"}} {"metadata":{"emulator":{"name":"functions"},"function":{"name":"api"},"message":"[runtime-status] [13604] firebase-functions has been stubbed. {\"functionsResolution\":{\"declared\":true,\"installed\":true,\"version\":\"3.13.2\",\"resolution\":\"C:\\\\Tutorials\\\\amazon-clone\\\\functions\\\\node_modules\\\\firebase-functions\\\\lib\\\\index.js\"}}"}}
[debug] [2021-03-17T15:27:55.337Z] [runtime-status] [13604] Resolved module firebase-functions {"declared":true,"installed":true,"version":"3.13.2","resolution":"C:\\Tutorials\\amazon-clone\\functions\\node_modules\\firebase-functions\\lib\\index.js"} {"metadata":{"emulator":{"name":"functions"},"function":{"name":"api"},"message":"[runtime-status] [13604] Resolved module firebase-functions {\"declared\":true,\"installed\":true,\"version\":\"3.13.2\",\"resolution\":\"C:\\\\Tutorials\\\\amazon-clone\\\\functions\\\\node_modules\\\\firebase-functions\\\\lib\\\\index.js\"}"}}
[debug] [2021-03-17T15:27:55.338Z] [runtime-status] [13604] Resolved module firebase-admin {"declared":true,"installed":true,"version":"9.5.0","resolution":"C:\\Tutorials\\amazon-clone\\functions\\node_modules\\firebase-admin\\lib\\index.js"} {"metadata":{"emulator":{"name":"functions"},"function":{"name":"api"},"message":"[runtime-status] [13604] Resolved module firebase-admin {\"declared\":true,\"installed\":true,\"version\":\"9.5.0\",\"resolution\":\"C:\\\\Tutorials\\\\amazon-clone\\\\functions\\\\node_modules\\\\firebase-admin\\\\lib\\\\index.js\"}"}}
[debug] [2021-03-17T15:27:55.338Z] [runtime-status] [13604] Resolved module firebase-functions {"declared":true,"installed":true,"version":"3.13.2","resolution":"C:\\Tutorials\\amazon-clone\\functions\\node_modules\\firebase-functions\\lib\\index.js"} {"metadata":{"emulator":{"name":"functions"},"function":{"name":"api"},"message":"[runtime-status] [13604] Resolved module firebase-functions {\"declared\":true,\"installed\":true,\"version\":\"3.13.2\",\"resolution\":\"C:\\\\Tutorials\\\\amazon-clone\\\\functions\\\\node_modules\\\\firebase-functions\\\\lib\\\\index.js\"}"}}
[debug] [2021-03-17T15:27:55.338Z] [runtime-status] [13604] firebase-admin has been stubbed. {"adminResolution":{"declared":true,"installed":true,"version":"9.5.0","resolution":"C:\\Tutorials\\amazon-clone\\functions\\node_modules\\firebase-admin\\lib\\index.js"}} {"metadata":{"emulator":{"name":"functions"},"function":{"name":"api"},"message":"[runtime-status] [13604] firebase-admin has been stubbed. {\"adminResolution\":{\"declared\":true,\"installed\":true,\"version\":\"9.5.0\",\"resolution\":\"C:\\\\Tutorials\\\\amazon-clone\\\\functions\\\\node_modules\\\\firebase-admin\\\\lib\\\\index.js\"}}"}}
[debug] [2021-03-17T15:27:55.494Z] [runtime-status] [13604] Trigger "api" has been found, beginning invocation! {"metadata":{"emulator":{"name":"functions"},"function":{"name":"api"},"message":"[runtime-status] [13604] Trigger \"api\" has been found, beginning invocation!"}}
[info] i  functions: Beginning execution of "api" {"metadata":{"emulator":{"name":"functions"},"function":{"name":"api"},"message":"Beginning execution of \"api\""}}
[debug] [2021-03-17T15:27:55.496Z] [runtime-status] [13604] triggerDefinition {"httpsTrigger":{},"name":"api","entryPoint":"api"} {"metadata":{"emulator":{"name":"functions"},"function":{"name":"api"},"message":"[runtime-status] [13604] triggerDefinition {\"httpsTrigger\":{},\"name\":\"api\",\"entryPoint\":\"api\"}"}}
[debug] [2021-03-17T15:27:55.496Z] [runtime-status] [13604] Running api in mode HTTPS {"metadata":{"emulator":{"name":"functions"},"function":{"name":"api"},"message":"[runtime-status] [13604] Running api in mode HTTPS"}}
[debug] [2021-03-17T15:27:55.499Z] [runtime-status] [13604] Attempting to listen to socketPath: \\?\pipe\C:\Tutorials\amazon-clone\functions\13604 {"metadata":{"emulator":{"name":"functions"},"function":{"name":"api"},"message":"[runtime-status] [13604] Attempting to listen to socketPath: \\\\?\\pipe\\C:\\Tutorials\\amazon-clone\\functions\\13604"}}
[debug] [2021-03-17T15:27:55.501Z] [functions] Runtime ready! Sending request! {"metadata":{"emulator":{"name":"functions"},"message":"[functions] Runtime ready! Sending request!"}}
[debug] [2021-03-17T15:27:55.502Z] [functions] Got req.url=/clone-fa0a1/us-central1/api, mapping to path=/ {"metadata":{"emulator":{"name":"functions"},"message":"[functions] Got req.url=/clone-fa0a1/us-central1/api, mapping to path=/"}}
[debug] [2021-03-17T15:27:55.508Z] [runtime-status] [13604] Ephemeral server handling GET request {"metadata":{"emulator":{"name":"functions"},"function":{"name":"api"},"message":"[runtime-status] [13604] Ephemeral server handling GET request"}}
[debug] [2021-03-17T15:27:55.516Z] [runtime-status] [13604] Ephemeral server survived. {"metadata":{"emulator":{"name":"functions"},"function":{"name":"api"},"message":"[runtime-status] [13604] Ephemeral server survived."}}
[info] i  functions: Finished "api" in ~1s {"metadata":{"emulator":{"name":"functions"},"function":{"name":"api"},"message":"Finished \"api\" in ~1s"}}
[debug] [2021-03-17T15:27:55.522Z] [worker-api-bcf3289e-cc4b-4dfb-8312-9fb7f5746083]: IDLE {"metadata":{"emulator":{"name":"functions"},"message":"[worker-api-bcf3289e-cc4b-4dfb-8312-9fb7f5746083]: IDLE"}}
[debug] [2021-03-17T15:27:55.522Z] [work-queue] {"queueLength":0,"workRunningCount":0}
[debug] [2021-03-17T15:27:55.547Z] Functions emulator received unknown request at path /favicon.ico
